<?xml version="1.0" encoding="UTF-8"?>
<!-- Generated by org.testng.reporters.JUnitXMLReporter -->
<testsuite ignored="0" hostname="LAPTOP-DIELBVTH" failures="0" tests="9" name="Default test" time="0.167" errors="0" timestamp="2025-11-09T20:00:56 IST">
  <testcase classname="testcases.pharmacy_testcase" name="@BeforeClass initBrowser" time="-1.76269865615E9">
    <failure type="org.testng.TestNGException" message="
Parameter &amp;apos;browser&amp;apos; is required by BeforeClass on method initBrowser but has not been marked @Optional or defined
in C:\Users\hmani\AppData\Local\Temp\testng-eclipse--1084251787\testng-customsuite.xml">
      <![CDATA[org.testng.TestNGException: 
Parameter 'browser' is required by BeforeClass on method initBrowser but has not been marked @Optional or defined
in C:\Users\hmani\AppData\Local\Temp\testng-eclipse--1084251787\testng-customsuite.xml
at org.testng.internal.Parameters.createParams(Parameters.java:267)
at org.testng.internal.Parameters.createParametersForMethod(Parameters.java:355)
at org.testng.internal.Parameters.createParameters(Parameters.java:684)
at org.testng.internal.Parameters.createConfigurationParameters(Parameters.java:166)
at org.testng.internal.invokers.ConfigInvoker.invokeConfigurations(ConfigInvoker.java:306)
at org.testng.internal.invokers.TestMethodWorker.invokeBeforeClassMethods(TestMethodWorker.java:180)
at org.testng.internal.invokers.TestMethodWorker.run(TestMethodWorker.java:122)
at java.base/java.util.ArrayList.forEach(ArrayList.java:1596)
at org.testng.TestRunner.privateRun(TestRunner.java:848)
at org.testng.TestRunner.run(TestRunner.java:621)
at org.testng.SuiteRunner.runTest(SuiteRunner.java:443)
at org.testng.SuiteRunner.runSequentially(SuiteRunner.java:437)
at org.testng.SuiteRunner.privateRun(SuiteRunner.java:397)
at org.testng.SuiteRunner.run(SuiteRunner.java:336)
at org.testng.SuiteRunnerWorker.runSuite(SuiteRunnerWorker.java:52)
at org.testng.SuiteRunnerWorker.run(SuiteRunnerWorker.java:95)
at org.testng.TestNG.runSuitesSequentially(TestNG.java:1280)
at org.testng.TestNG.runSuitesLocally(TestNG.java:1200)
at org.testng.TestNG.runSuites(TestNG.java:1114)
at org.testng.TestNG.run(TestNG.java:1082)
at org.testng.remote.AbstractRemoteTestNG.run(AbstractRemoteTestNG.java:115)
at org.testng.remote.RemoteTestNG.initAndRun(RemoteTestNG.java:293)
at org.testng.remote.RemoteTestNG.main(RemoteTestNG.java:91)
]]>
    </failure>
  </testcase> <!-- @BeforeClass initBrowser -->
  <testcase classname="testcases.pharmacy_testcase" name="@AfterMethod retryIfTestFails" time="0.0">
    <skipped/>
  </testcase> <!-- @AfterMethod retryIfTestFails -->
  <testcase classname="testcases.pharmacy_testcase" name="@AfterMethod retryIfTestFails" time="0.0">
    <skipped/>
  </testcase> <!-- @AfterMethod retryIfTestFails -->
  <testcase classname="testcases.pharmacy_testcase" name="@AfterMethod retryIfTestFails" time="0.0">
    <skipped/>
  </testcase> <!-- @AfterMethod retryIfTestFails -->
  <testcase classname="testcases.pharmacy_testcase" name="@AfterMethod retryIfTestFails" time="0.0">
    <skipped/>
  </testcase> <!-- @AfterMethod retryIfTestFails -->
  <testcase classname="testcases.pharmacy_testcase" name="@AfterMethod retryIfTestFails" time="0.0">
    <skipped/>
  </testcase> <!-- @AfterMethod retryIfTestFails -->
  <testcase classname="testcases.pharmacy_testcase" name="@AfterMethod retryIfTestFails" time="0.0">
    <skipped/>
  </testcase> <!-- @AfterMethod retryIfTestFails -->
  <testcase classname="testcases.pharmacy_testcase" name="@AfterMethod retryIfTestFails" time="0.0">
    <skipped/>
  </testcase> <!-- @AfterMethod retryIfTestFails -->
  <testcase classname="testcases.pharmacy_testcase" name="@AfterMethod retryIfTestFails" time="0.0">
    <skipped/>
  </testcase> <!-- @AfterMethod retryIfTestFails -->
  <testcase classname="testcases.pharmacy_testcase" name="@AfterMethod retryIfTestFails" time="0.0">
    <skipped/>
  </testcase> <!-- @AfterMethod retryIfTestFails -->
  <testcase classname="testcases.pharmacy_testcase" name="@AfterClass tearDown" time="0.006">
    <failure type="java.lang.NullPointerException" message="Cannot invoke &amp;quot;org.openqa.selenium.WebDriver.quit()&amp;quot; because &amp;quot;this.driver&amp;quot; is null">
      <![CDATA[java.lang.NullPointerException: Cannot invoke "org.openqa.selenium.WebDriver.quit()" because "this.driver" is null
at coreUtilities.testbase.TestBase.browserTearDown(TestBase.java:111)
at testcases.pharmacy_testcase.tearDown(pharmacy_testcase.java:212)
at java.base/jdk.internal.reflect.DirectMethodHandleAccessor.invoke(DirectMethodHandleAccessor.java:103)
at java.base/java.lang.reflect.Method.invoke(Method.java:580)
at org.testng.internal.invokers.MethodInvocationHelper.invokeMethod(MethodInvocationHelper.java:139)
at org.testng.internal.invokers.MethodInvocationHelper.invokeMethodConsideringTimeout(MethodInvocationHelper.java:69)
at org.testng.internal.invokers.ConfigInvoker.invokeConfigurationMethod(ConfigInvoker.java:390)
at org.testng.internal.invokers.ConfigInvoker.invokeConfigurations(ConfigInvoker.java:325)
at org.testng.internal.invokers.TestMethodWorker.invokeAfterClassConfigurations(TestMethodWorker.java:229)
at org.testng.internal.invokers.TestMethodWorker.invokeAfterClassMethods(TestMethodWorker.java:215)
at org.testng.internal.invokers.TestMethodWorker.run(TestMethodWorker.java:131)
at java.base/java.util.ArrayList.forEach(ArrayList.java:1596)
at org.testng.TestRunner.privateRun(TestRunner.java:848)
at org.testng.TestRunner.run(TestRunner.java:621)
at org.testng.SuiteRunner.runTest(SuiteRunner.java:443)
at org.testng.SuiteRunner.runSequentially(SuiteRunner.java:437)
at org.testng.SuiteRunner.privateRun(SuiteRunner.java:397)
at org.testng.SuiteRunner.run(SuiteRunner.java:336)
at org.testng.SuiteRunnerWorker.runSuite(SuiteRunnerWorker.java:52)
at org.testng.SuiteRunnerWorker.run(SuiteRunnerWorker.java:95)
at org.testng.TestNG.runSuitesSequentially(TestNG.java:1280)
at org.testng.TestNG.runSuitesLocally(TestNG.java:1200)
at org.testng.TestNG.runSuites(TestNG.java:1114)
at org.testng.TestNG.run(TestNG.java:1082)
at org.testng.remote.AbstractRemoteTestNG.run(AbstractRemoteTestNG.java:115)
at org.testng.remote.RemoteTestNG.initAndRun(RemoteTestNG.java:293)
at org.testng.remote.RemoteTestNG.main(RemoteTestNG.java:91)
]]>
    </failure>
  </testcase> <!-- @AfterClass tearDown -->
  <testcase classname="testcases.pharmacy_testcase" name="verifyTitleAndURLOfTheHomePage" time="0.0">
    <skipped/>
  </testcase> <!-- verifyTitleAndURLOfTheHomePage -->
  <testcase classname="testcases.pharmacy_testcase" name="getPharmacyPageUrl" time="0.0">
    <skipped/>
  </testcase> <!-- getPharmacyPageUrl -->
  <testcase classname="testcases.pharmacy_testcase" name="verifyAndHighlightPharmacySubModulesTab" time="0.0">
    <skipped/>
  </testcase> <!-- verifyAndHighlightPharmacySubModulesTab -->
  <testcase classname="testcases.pharmacy_testcase" name="verifyElementsUnderOrderTab" time="0.0">
    <skipped/>
  </testcase> <!-- verifyElementsUnderOrderTab -->
  <testcase classname="testcases.pharmacy_testcase" name="verifyNavigationToAnotherSubModuleAfterOpeningTheOrderSection" time="0.001">
    <skipped/>
  </testcase> <!-- verifyNavigationToAnotherSubModuleAfterOpeningTheOrderSection -->
  <testcase classname="testcases.pharmacy_testcase" name="verifyErrorMessageOnPrintingGoodReceiptWithoutDetails" time="0.0">
    <skipped/>
  </testcase> <!-- verifyErrorMessageOnPrintingGoodReceiptWithoutDetails -->
  <testcase classname="testcases.pharmacy_testcase" name="addNewGoodReceipt" time="0.0">
    <skipped/>
  </testcase> <!-- addNewGoodReceipt -->
  <testcase classname="testcases.pharmacy_testcase" name="verifyAddedGoodReceipt" time="0.0">
    <skipped/>
  </testcase> <!-- verifyAddedGoodReceipt -->
  <testcase classname="testcases.pharmacy_testcase" name="verifyDataIsAsPerAppliedDateFilter" time="0.0">
    <skipped/>
  </testcase> <!-- verifyDataIsAsPerAppliedDateFilter -->
</testsuite> <!-- Default test -->
