<?xml version="1.0" encoding="UTF-8"?>
<!-- Generated by org.testng.reporters.JUnitXMLReporter -->
<testsuite ignored="0" hostname="LAPTOP-DIELBVTH" failures="0" tests="9" name="Test" time="96.746" errors="0" timestamp="2025-11-10T10:14:55 IST">
  <testcase classname="testcases.pharmacy_testcase" name="verifyTitleAndURLOfTheHomePage" time="3.52"/>
  <testcase classname="testcases.pharmacy_testcase" name="getPharmacyPageUrl" time="1.697"/>
  <testcase classname="testcases.pharmacy_testcase" name="verifyAndHighlightPharmacySubModulesTab" time="3.403"/>
  <testcase classname="testcases.pharmacy_testcase" name="verifyElementsUnderOrderTab" time="0.716"/>
  <testcase classname="testcases.pharmacy_testcase" name="verifyNavigationToAnotherSubModuleAfterOpeningTheOrderSection" time="0.405"/>
  <testcase classname="testcases.pharmacy_testcase" name="verifyErrorMessageOnPrintingGoodReceiptWithoutDetails" time="6.161"/>
  <testcase classname="testcases.pharmacy_testcase" name="addNewGoodReceipt" time="33.929"/>
  <testcase classname="testcases.pharmacy_testcase" name="verifyAddedGoodReceipt" time="3.953"/>
  <testcase classname="testcases.pharmacy_testcase" name="verifyDataIsAsPerAppliedDateFilter" time="32.901"/>
</testsuite> <!-- Test -->
