<?xml version="1.0" encoding="UTF-8"?>
<!-- Generated by org.testng.reporters.JUnitReportReporter -->
<testsuite hostname="LAPTOP-DIELBVTH" failures="0" tests="9" name="testcases.pharmacy_testcase" time="86.685" errors="0" timestamp="2025-11-10T10:14:56 IST" skipped="0">
  <testcase classname="testcases.pharmacy_testcase" name="verifyTitleAndURLOfTheHomePage" time="3.520"/>
  <testcase classname="testcases.pharmacy_testcase" name="getPharmacyPageUrl" time="1.697"/>
  <testcase classname="testcases.pharmacy_testcase" name="verifyAndHighlightPharmacySubModulesTab" time="3.403"/>
  <testcase classname="testcases.pharmacy_testcase" name="verifyElementsUnderOrderTab" time="0.716"/>
  <testcase classname="testcases.pharmacy_testcase" name="verifyNavigationToAnotherSubModuleAfterOpeningTheOrderSection" time="0.405"/>
  <testcase classname="testcases.pharmacy_testcase" name="verifyErrorMessageOnPrintingGoodReceiptWithoutDetails" time="6.161"/>
  <testcase classname="testcases.pharmacy_testcase" name="addNewGoodReceipt" time="33.929"/>
  <testcase classname="testcases.pharmacy_testcase" name="verifyAddedGoodReceipt" time="3.953"/>
  <testcase classname="testcases.pharmacy_testcase" name="verifyDataIsAsPerAppliedDateFilter" time="32.901"/>
</testsuite> <!-- testcases.pharmacy_testcase -->
